<?xml version="1.0" encoding="UTF-8"?>
<!-- Generated by org.testng.reporters.JUnitReportReporter -->
<testsuite hostname="LAPTOP-0VR0V2U7" failures="0" tests="8" name="com.runner.Runner" time="87.295" errors="0" timestamp="2025-11-23T15:44:13 EST" skipped="0">
  <testcase classname="com.runner.Runner" name="runScenario" time="13.474"/>
  <testcase classname="com.runner.Runner" name="runScenario" time="10.893"/>
  <testcase classname="com.runner.Runner" name="runScenario" time="15.126"/>
  <testcase classname="com.runner.Runner" name="runScenario" time="10.953"/>
  <testcase classname="com.runner.Runner" name="runScenario" time="14.082"/>
  <testcase classname="com.runner.Runner" name="runScenario" time="8.824"/>
  <testcase classname="com.runner.Runner" name="runScenario" time="0.003"/>
  <testcase classname="com.runner.Runner" name="runScenario" time="13.940"/>
</testsuite> <!-- com.runner.Runner -->
