<?xml version="1.0" encoding="UTF-8"?>
<!-- Generated by org.testng.reporters.JUnitReportReporter -->
<testsuite hostname="LAPTOP-0VR0V2U7" failures="0" tests="8" name="com.runner.Runner" time="91.672" errors="0" timestamp="2025-11-24T10:39:57 EST" skipped="0">
  <testcase classname="com.runner.Runner" name="runScenario" time="10.934"/>
  <testcase classname="com.runner.Runner" name="runScenario" time="16.432"/>
  <testcase classname="com.runner.Runner" name="runScenario" time="10.300"/>
  <testcase classname="com.runner.Runner" name="runScenario" time="8.831"/>
  <testcase classname="com.runner.Runner" name="runScenario" time="15.725"/>
  <testcase classname="com.runner.Runner" name="runScenario" time="15.160"/>
  <testcase classname="com.runner.Runner" name="runScenario" time="14.289"/>
  <testcase classname="com.runner.Runner" name="runScenario" time="0.001"/>
</testsuite> <!-- com.runner.Runner -->
